execve("/usr/bin/sudo", ["sudo", "passwd", "dummyuser"], [/* 16 vars */]) = 0
access("/etc/ld.so.nohwcap", F_OK)      = -1 ENOENT (No such file or directory)
access("/etc/ld.so.preload", R_OK)      = -1 ENOENT (No such file or directory)
open("/usr/lib/sudo/tls/x86_64/libaudit.so.1", O_RDONLY|O_CLOEXEC) = -1 ENOENT (No such file or directory)
stat("/usr/lib/sudo/tls/x86_64", 0x7fff9ab89d40) = -1 ENOENT (No such file or directory)
open("/usr/lib/sudo/tls/libaudit.so.1", O_RDONLY|O_CLOEXEC) = -1 ENOENT (No such file or directory)
stat("/usr/lib/sudo/tls", 0x7fff9ab89d40) = -1 ENOENT (No such file or directory)
open("/usr/lib/sudo/x86_64/libaudit.so.1", O_RDONLY|O_CLOEXEC) = -1 ENOENT (No such file or directory)
stat("/usr/lib/sudo/x86_64", 0x7fff9ab89d40) = -1 ENOENT (No such file or directory)
open("/usr/lib/sudo/libaudit.so.1", O_RDONLY|O_CLOEXEC) = -1 ENOENT (No such file or directory)
stat("/usr/lib/sudo", {st_mode=S_IFDIR|0755, st_size=286, ...}) = 0
open("/etc/ld.so.cache", O_RDONLY|O_CLOEXEC) = 3
access("/etc/ld.so.nohwcap", F_OK)      = -1 ENOENT (No such file or directory)
open("/lib/x86_64-linux-gnu/libaudit.so.1", O_RDONLY|O_CLOEXEC) = 3
open("/usr/lib/sudo/libselinux.so.1", O_RDONLY|O_CLOEXEC) = -1 ENOENT (No such file or directory)
access("/etc/ld.so.nohwcap", F_OK)      = -1 ENOENT (No such file or directory)
open("/lib/x86_64-linux-gnu/libselinux.so.1", O_RDONLY|O_CLOEXEC) = 3
open("/usr/lib/sudo/libutil.so.1", O_RDONLY|O_CLOEXEC) = -1 ENOENT (No such file or directory)
access("/etc/ld.so.nohwcap", F_OK)      = -1 ENOENT (No such file or directory)
open("/lib/x86_64-linux-gnu/libutil.so.1", O_RDONLY|O_CLOEXEC) = 3
open("/usr/lib/sudo/libsudo_util.so.0", O_RDONLY|O_CLOEXEC) = 3
open("/usr/lib/sudo/libc.so.6", O_RDONLY|O_CLOEXEC) = -1 ENOENT (No such file or directory)
access("/etc/ld.so.nohwcap", F_OK)      = -1 ENOENT (No such file or directory)
open("/lib/x86_64-linux-gnu/libc.so.6", O_RDONLY|O_CLOEXEC) = 3
open("/usr/lib/sudo/libpcre.so.3", O_RDONLY|O_CLOEXEC) = -1 ENOENT (No such file or directory)
access("/etc/ld.so.nohwcap", F_OK)      = -1 ENOENT (No such file or directory)
open("/lib/x86_64-linux-gnu/libpcre.so.3", O_RDONLY|O_CLOEXEC) = 3
open("/usr/lib/sudo/libdl.so.2", O_RDONLY|O_CLOEXEC) = -1 ENOENT (No such file or directory)
access("/etc/ld.so.nohwcap", F_OK)      = -1 ENOENT (No such file or directory)
open("/lib/x86_64-linux-gnu/libdl.so.2", O_RDONLY|O_CLOEXEC) = 3
open("/usr/lib/sudo/libpthread.so.0", O_RDONLY|O_CLOEXEC) = -1 ENOENT (No such file or directory)
access("/etc/ld.so.nohwcap", F_OK)      = -1 ENOENT (No such file or directory)
open("/lib/x86_64-linux-gnu/libpthread.so.0", O_RDONLY|O_CLOEXEC) = 3
statfs("/sys/fs/selinux", 0x7fff9ab8a550) = -1 ENOENT (No such file or directory)
statfs("/selinux", 0x7fff9ab8a550)      = -1 ENOENT (No such file or directory)
open("/proc/filesystems", O_RDONLY)     = 3
open("/usr/lib/locale/locale-archive", O_RDONLY|O_CLOEXEC) = 3
open("/etc/localtime", O_RDONLY|O_CLOEXEC) = 3
stat("/etc/sudo.conf", 0x7fff9ab8a230)  = -1 ENOENT (No such file or directory)
stat("/etc/sudo.conf", 0x7fff9ab8a230)  = -1 ENOENT (No such file or directory)
open("/dev/tty", O_RDWR|O_NOCTTY|O_NONBLOCK) = 3
open("/etc/nsswitch.conf", O_RDONLY|O_CLOEXEC) = 3
open("/usr/lib/sudo/libnss_compat.so.2", O_RDONLY|O_CLOEXEC) = -1 ENOENT (No such file or directory)
open("/etc/ld.so.cache", O_RDONLY|O_CLOEXEC) = 3
access("/etc/ld.so.nohwcap", F_OK)      = -1 ENOENT (No such file or directory)
open("/lib/x86_64-linux-gnu/libnss_compat.so.2", O_RDONLY|O_CLOEXEC) = 3
open("/usr/lib/sudo/libnsl.so.1", O_RDONLY|O_CLOEXEC) = -1 ENOENT (No such file or directory)
access("/etc/ld.so.nohwcap", F_OK)      = -1 ENOENT (No such file or directory)
open("/lib/x86_64-linux-gnu/libnsl.so.1", O_RDONLY|O_CLOEXEC) = 3
open("/usr/lib/sudo/libnss_nis.so.2", O_RDONLY|O_CLOEXEC) = -1 ENOENT (No such file or directory)
open("/etc/ld.so.cache", O_RDONLY|O_CLOEXEC) = 3
access("/etc/ld.so.nohwcap", F_OK)      = -1 ENOENT (No such file or directory)
open("/lib/x86_64-linux-gnu/libnss_nis.so.2", O_RDONLY|O_CLOEXEC) = 3
open("/usr/lib/sudo/libnss_files.so.2", O_RDONLY|O_CLOEXEC) = -1 ENOENT (No such file or directory)
access("/etc/ld.so.nohwcap", F_OK)      = -1 ENOENT (No such file or directory)
open("/lib/x86_64-linux-gnu/libnss_files.so.2", O_RDONLY|O_CLOEXEC) = 3
open("/etc/passwd", O_RDONLY|O_CLOEXEC) = 3
open("/proc/sys/kernel/ngroups_max", O_RDONLY) = 3
getcwd("/home/qishanz2", 4096)          = 15
open("/proc/16965/stat", O_RDONLY)      = 3
stat("/dev/console", {st_mode=S_IFCHR|0600, st_rdev=makedev(5, 1), ...}) = 0
stat("/dev/pts/0", {st_mode=S_IFCHR|0620, st_rdev=makedev(136, 0), ...}) = 0
stat("/usr/lib/sudo/sudoers.so", {st_mode=S_IFREG|0644, st_size=316768, ...}) = 0
open("/usr/lib/sudo/sudoers.so", O_RDONLY|O_CLOEXEC) = 3
open("/usr/lib/sudo/libpam.so.0", O_RDONLY|O_CLOEXEC) = -1 ENOENT (No such file or directory)
open("/usr/lib/sudo/libpam.so.0", O_RDONLY|O_CLOEXEC) = -1 ENOENT (No such file or directory)
open("/etc/ld.so.cache", O_RDONLY|O_CLOEXEC) = 3
access("/etc/ld.so.nohwcap", F_OK)      = -1 ENOENT (No such file or directory)
open("/lib/x86_64-linux-gnu/libpam.so.0", O_RDONLY|O_CLOEXEC) = 3
stat("/usr/lib/sudo/sudoers.so", {st_mode=S_IFREG|0644, st_size=316768, ...}) = 0
open("/etc/passwd", O_RDONLY|O_CLOEXEC) = 3
open("/etc/default/nss", O_RDONLY|O_CLOEXEC) = 4
open("/etc/group", O_RDONLY|O_CLOEXEC)  = 4
open("/usr/share/locale/locale.alias", O_RDONLY|O_CLOEXEC) = 5
open("/usr/share/locale/en_US/LC_MESSAGES/sudoers.mo", O_RDONLY) = -1 ENOENT (No such file or directory)
open("/usr/share/locale/en/LC_MESSAGES/sudoers.mo", O_RDONLY) = -1 ENOENT (No such file or directory)
open("/usr/share/locale-langpack/en_US/LC_MESSAGES/sudoers.mo", O_RDONLY) = -1 ENOENT (No such file or directory)
open("/usr/share/locale-langpack/en/LC_MESSAGES/sudoers.mo", O_RDONLY) = -1 ENOENT (No such file or directory)
open("/etc/passwd", O_RDONLY|O_CLOEXEC) = 5
open("/etc/group", O_RDONLY|O_CLOEXEC)  = 5
open("/etc/nsswitch.conf", O_RDONLY)    = 5
stat("/etc/sudoers", {st_mode=S_IFREG|0600, st_size=4108, ...}) = 0
open("/etc/sudoers", O_RDONLY)          = 5
stat("/etc/sudoers.d", {st_mode=S_IFDIR|0755, st_size=20, ...}) = 0
open("/etc/sudoers.d", O_RDONLY|O_NONBLOCK|O_DIRECTORY|O_CLOEXEC) = 6
stat("/etc/sudoers.d/README", {st_mode=S_IFREG|0440, st_size=958, ...}) = 0
stat("/etc/sudoers.d/README", {st_mode=S_IFREG|0440, st_size=958, ...}) = 0
open("/etc/sudoers.d/README", O_RDONLY) = 6
open("/usr/lib/x86_64-linux-gnu/libsss_sudo.so", O_RDONLY|O_CLOEXEC) = 6
stat("/usr/sbin/sendmail", 0x7fff9ab89da0) = -1 ENOENT (No such file or directory)
open("/etc/host.conf", O_RDONLY|O_CLOEXEC) = 6
open("/etc/resolv.conf", O_RDONLY|O_CLOEXEC) = 6
open("/etc/hosts", O_RDONLY|O_CLOEXEC)  = 6
stat("/sbin/passwd", 0x55c8bd9d5ae0)    = -1 ENOENT (No such file or directory)
stat("/bin/passwd", 0x55c8bd9d5ae0)     = -1 ENOENT (No such file or directory)
stat("/usr/sbin/passwd", 0x55c8bd9d5ae0) = -1 ENOENT (No such file or directory)
stat("/usr/bin/passwd", {st_mode=S_IFREG|S_ISUID|0755, st_size=54256, ...}) = 0
stat("/etc/pam.d", {st_mode=S_IFDIR|0755, st_size=4096, ...}) = 0
open("/etc/pam.d/sudo", O_RDONLY)       = 8
open("/lib/x86_64-linux-gnu/security/pam_env.so", O_RDONLY|O_CLOEXEC) = 9
stat("/etc/pam.d", {st_mode=S_IFDIR|0755, st_size=4096, ...}) = 0
open("/etc/pam.d/common-auth", O_RDONLY) = 9
open("/lib/x86_64-linux-gnu/security/pam_krb5.so", O_RDONLY|O_CLOEXEC) = 10
open("/usr/lib/sudo/libkrb5.so.3", O_RDONLY|O_CLOEXEC) = -1 ENOENT (No such file or directory)
open("/etc/ld.so.cache", O_RDONLY|O_CLOEXEC) = 10
access("/etc/ld.so.nohwcap", F_OK)      = -1 ENOENT (No such file or directory)
open("/usr/lib/x86_64-linux-gnu/libkrb5.so.3", O_RDONLY|O_CLOEXEC) = 10
open("/usr/lib/sudo/libk5crypto.so.3", O_RDONLY|O_CLOEXEC) = -1 ENOENT (No such file or directory)
access("/etc/ld.so.nohwcap", F_OK)      = -1 ENOENT (No such file or directory)
open("/usr/lib/x86_64-linux-gnu/libk5crypto.so.3", O_RDONLY|O_CLOEXEC) = 10
open("/usr/lib/sudo/libcom_err.so.2", O_RDONLY|O_CLOEXEC) = -1 ENOENT (No such file or directory)
access("/etc/ld.so.nohwcap", F_OK)      = -1 ENOENT (No such file or directory)
open("/lib/x86_64-linux-gnu/libcom_err.so.2", O_RDONLY|O_CLOEXEC) = 10
open("/usr/lib/sudo/libkrb5support.so.0", O_RDONLY|O_CLOEXEC) = -1 ENOENT (No such file or directory)
access("/etc/ld.so.nohwcap", F_OK)      = -1 ENOENT (No such file or directory)
open("/usr/lib/x86_64-linux-gnu/libkrb5support.so.0", O_RDONLY|O_CLOEXEC) = 10
open("/usr/lib/sudo/libkeyutils.so.1", O_RDONLY|O_CLOEXEC) = -1 ENOENT (No such file or directory)
access("/etc/ld.so.nohwcap", F_OK)      = -1 ENOENT (No such file or directory)
open("/lib/x86_64-linux-gnu/libkeyutils.so.1", O_RDONLY|O_CLOEXEC) = 10
open("/usr/lib/sudo/libresolv.so.2", O_RDONLY|O_CLOEXEC) = -1 ENOENT (No such file or directory)
access("/etc/ld.so.nohwcap", F_OK)      = -1 ENOENT (No such file or directory)
open("/lib/x86_64-linux-gnu/libresolv.so.2", O_RDONLY|O_CLOEXEC) = 10
open("/lib/x86_64-linux-gnu/security/pam_unix.so", O_RDONLY|O_CLOEXEC) = 10
open("/usr/lib/sudo/libcrypt.so.1", O_RDONLY|O_CLOEXEC) = -1 ENOENT (No such file or directory)
open("/etc/ld.so.cache", O_RDONLY|O_CLOEXEC) = 10
access("/etc/ld.so.nohwcap", F_OK)      = -1 ENOENT (No such file or directory)
open("/lib/x86_64-linux-gnu/libcrypt.so.1", O_RDONLY|O_CLOEXEC) = 10
open("/lib/x86_64-linux-gnu/security/pam_sss.so", O_RDONLY|O_CLOEXEC) = 10
open("/lib/x86_64-linux-gnu/security/pam_ldap.so", O_RDONLY|O_CLOEXEC) = 10
open("/usr/lib/sudo/libldap_r-2.4.so.2", O_RDONLY|O_CLOEXEC) = -1 ENOENT (No such file or directory)
open("/etc/ld.so.cache", O_RDONLY|O_CLOEXEC) = 10
access("/etc/ld.so.nohwcap", F_OK)      = -1 ENOENT (No such file or directory)
open("/usr/lib/x86_64-linux-gnu/libldap_r-2.4.so.2", O_RDONLY|O_CLOEXEC) = 10
open("/usr/lib/sudo/liblber-2.4.so.2", O_RDONLY|O_CLOEXEC) = -1 ENOENT (No such file or directory)
access("/etc/ld.so.nohwcap", F_OK)      = -1 ENOENT (No such file or directory)
open("/usr/lib/x86_64-linux-gnu/liblber-2.4.so.2", O_RDONLY|O_CLOEXEC) = 10
open("/usr/lib/sudo/libsasl2.so.2", O_RDONLY|O_CLOEXEC) = -1 ENOENT (No such file or directory)
access("/etc/ld.so.nohwcap", F_OK)      = -1 ENOENT (No such file or directory)
open("/usr/lib/x86_64-linux-gnu/libsasl2.so.2", O_RDONLY|O_CLOEXEC) = 10
open("/usr/lib/sudo/libgssapi.so.3", O_RDONLY|O_CLOEXEC) = -1 ENOENT (No such file or directory)
access("/etc/ld.so.nohwcap", F_OK)      = -1 ENOENT (No such file or directory)
open("/usr/lib/x86_64-linux-gnu/libgssapi.so.3", O_RDONLY|O_CLOEXEC) = 10
open("/usr/lib/sudo/libgnutls.so.30", O_RDONLY|O_CLOEXEC) = -1 ENOENT (No such file or directory)
access("/etc/ld.so.nohwcap", F_OK)      = -1 ENOENT (No such file or directory)
open("/usr/lib/x86_64-linux-gnu/libgnutls.so.30", O_RDONLY|O_CLOEXEC) = 10
open("/usr/lib/sudo/libheimntlm.so.0", O_RDONLY|O_CLOEXEC) = -1 ENOENT (No such file or directory)
access("/etc/ld.so.nohwcap", F_OK)      = -1 ENOENT (No such file or directory)
open("/usr/lib/x86_64-linux-gnu/libheimntlm.so.0", O_RDONLY|O_CLOEXEC) = 10
open("/usr/lib/sudo/libkrb5.so.26", O_RDONLY|O_CLOEXEC) = -1 ENOENT (No such file or directory)
access("/etc/ld.so.nohwcap", F_OK)      = -1 ENOENT (No such file or directory)
open("/usr/lib/x86_64-linux-gnu/libkrb5.so.26", O_RDONLY|O_CLOEXEC) = 10
open("/usr/lib/sudo/libasn1.so.8", O_RDONLY|O_CLOEXEC) = -1 ENOENT (No such file or directory)
access("/etc/ld.so.nohwcap", F_OK)      = -1 ENOENT (No such file or directory)
open("/usr/lib/x86_64-linux-gnu/libasn1.so.8", O_RDONLY|O_CLOEXEC) = 10
open("/usr/lib/sudo/libhcrypto.so.4", O_RDONLY|O_CLOEXEC) = -1 ENOENT (No such file or directory)
access("/etc/ld.so.nohwcap", F_OK)      = -1 ENOENT (No such file or directory)
open("/usr/lib/x86_64-linux-gnu/libhcrypto.so.4", O_RDONLY|O_CLOEXEC) = 10
open("/usr/lib/sudo/libroken.so.18", O_RDONLY|O_CLOEXEC) = -1 ENOENT (No such file or directory)
access("/etc/ld.so.nohwcap", F_OK)      = -1 ENOENT (No such file or directory)
open("/usr/lib/x86_64-linux-gnu/libroken.so.18", O_RDONLY|O_CLOEXEC) = 10
open("/usr/lib/sudo/libz.so.1", O_RDONLY|O_CLOEXEC) = -1 ENOENT (No such file or directory)
access("/etc/ld.so.nohwcap", F_OK)      = -1 ENOENT (No such file or directory)
open("/lib/x86_64-linux-gnu/libz.so.1", O_RDONLY|O_CLOEXEC) = 10
open("/usr/lib/sudo/libp11-kit.so.0", O_RDONLY|O_CLOEXEC) = -1 ENOENT (No such file or directory)
access("/etc/ld.so.nohwcap", F_OK)      = -1 ENOENT (No such file or directory)
open("/usr/lib/x86_64-linux-gnu/libp11-kit.so.0", O_RDONLY|O_CLOEXEC) = 10
open("/usr/lib/sudo/libidn.so.11", O_RDONLY|O_CLOEXEC) = -1 ENOENT (No such file or directory)
access("/etc/ld.so.nohwcap", F_OK)      = -1 ENOENT (No such file or directory)
open("/usr/lib/x86_64-linux-gnu/libidn.so.11", O_RDONLY|O_CLOEXEC) = 10
open("/usr/lib/sudo/libtasn1.so.6", O_RDONLY|O_CLOEXEC) = -1 ENOENT (No such file or directory)
access("/etc/ld.so.nohwcap", F_OK)      = -1 ENOENT (No such file or directory)
open("/usr/lib/x86_64-linux-gnu/libtasn1.so.6", O_RDONLY|O_CLOEXEC) = 10
open("/usr/lib/sudo/libnettle.so.6", O_RDONLY|O_CLOEXEC) = -1 ENOENT (No such file or directory)
access("/etc/ld.so.nohwcap", F_OK)      = -1 ENOENT (No such file or directory)
open("/usr/lib/x86_64-linux-gnu/libnettle.so.6", O_RDONLY|O_CLOEXEC) = 10
open("/usr/lib/sudo/libhogweed.so.4", O_RDONLY|O_CLOEXEC) = -1 ENOENT (No such file or directory)
access("/etc/ld.so.nohwcap", F_OK)      = -1 ENOENT (No such file or directory)
open("/usr/lib/x86_64-linux-gnu/libhogweed.so.4", O_RDONLY|O_CLOEXEC) = 10
open("/usr/lib/sudo/libgmp.so.10", O_RDONLY|O_CLOEXEC) = -1 ENOENT (No such file or directory)
access("/etc/ld.so.nohwcap", F_OK)      = -1 ENOENT (No such file or directory)
open("/usr/lib/x86_64-linux-gnu/libgmp.so.10", O_RDONLY|O_CLOEXEC) = 10
open("/usr/lib/sudo/libwind.so.0", O_RDONLY|O_CLOEXEC) = -1 ENOENT (No such file or directory)
access("/etc/ld.so.nohwcap", F_OK)      = -1 ENOENT (No such file or directory)
open("/usr/lib/x86_64-linux-gnu/libwind.so.0", O_RDONLY|O_CLOEXEC) = 10
open("/usr/lib/sudo/libheimbase.so.1", O_RDONLY|O_CLOEXEC) = -1 ENOENT (No such file or directory)
access("/etc/ld.so.nohwcap", F_OK)      = -1 ENOENT (No such file or directory)
open("/usr/lib/x86_64-linux-gnu/libheimbase.so.1", O_RDONLY|O_CLOEXEC) = 10
open("/usr/lib/sudo/libhx509.so.5", O_RDONLY|O_CLOEXEC) = -1 ENOENT (No such file or directory)
access("/etc/ld.so.nohwcap", F_OK)      = -1 ENOENT (No such file or directory)
open("/usr/lib/x86_64-linux-gnu/libhx509.so.5", O_RDONLY|O_CLOEXEC) = 10
open("/usr/lib/sudo/libsqlite3.so.0", O_RDONLY|O_CLOEXEC) = -1 ENOENT (No such file or directory)
access("/etc/ld.so.nohwcap", F_OK)      = -1 ENOENT (No such file or directory)
open("/usr/lib/x86_64-linux-gnu/libsqlite3.so.0", O_RDONLY|O_CLOEXEC) = 10
open("/usr/lib/sudo/libffi.so.6", O_RDONLY|O_CLOEXEC) = -1 ENOENT (No such file or directory)
access("/etc/ld.so.nohwcap", F_OK)      = -1 ENOENT (No such file or directory)
open("/usr/lib/x86_64-linux-gnu/libffi.so.6", O_RDONLY|O_CLOEXEC) = 10
open("/dev/urandom", O_RDONLY)          = 10
open("/lib/x86_64-linux-gnu/security/pam_deny.so", O_RDONLY|O_CLOEXEC) = 11
open("/lib/x86_64-linux-gnu/security/pam_permit.so", O_RDONLY|O_CLOEXEC) = 11
stat("/etc/pam.d", {st_mode=S_IFDIR|0755, st_size=4096, ...}) = 0
open("/etc/pam.d/common-account", O_RDONLY) = 9
open("/lib/x86_64-linux-gnu/security/pam_localuser.so", O_RDONLY|O_CLOEXEC) = 11
stat("/etc/pam.d", {st_mode=S_IFDIR|0755, st_size=4096, ...}) = 0
open("/etc/pam.d/common-session-noninteractive", O_RDONLY) = 9
open("/lib/x86_64-linux-gnu/security/pam_umask.so", O_RDONLY|O_CLOEXEC) = 11
open("/etc/pam.d/other", O_RDONLY)      = 8
stat("/etc/pam.d", {st_mode=S_IFDIR|0755, st_size=4096, ...}) = 0
open("/etc/pam.d/common-auth", O_RDONLY) = 9
stat("/etc/pam.d", {st_mode=S_IFDIR|0755, st_size=4096, ...}) = 0
open("/etc/pam.d/common-account", O_RDONLY) = 9
stat("/etc/pam.d", {st_mode=S_IFDIR|0755, st_size=4096, ...}) = 0
open("/etc/pam.d/common-password", O_RDONLY) = 9
open("/lib/x86_64-linux-gnu/security/pam_pwquality.so", O_RDONLY|O_CLOEXEC) = 11
open("/usr/lib/sudo/libpwquality.so.1", O_RDONLY|O_CLOEXEC) = -1 ENOENT (No such file or directory)
open("/etc/ld.so.cache", O_RDONLY|O_CLOEXEC) = 11
access("/etc/ld.so.nohwcap", F_OK)      = -1 ENOENT (No such file or directory)
open("/usr/lib/x86_64-linux-gnu/libpwquality.so.1", O_RDONLY|O_CLOEXEC) = 11
open("/usr/lib/sudo/libcrack.so.2", O_RDONLY|O_CLOEXEC) = -1 ENOENT (No such file or directory)
access("/etc/ld.so.nohwcap", F_OK)      = -1 ENOENT (No such file or directory)
open("/usr/lib/x86_64-linux-gnu/libcrack.so.2", O_RDONLY|O_CLOEXEC) = 11
open("/lib/x86_64-linux-gnu/security/pam_gnome_keyring.so", O_RDONLY|O_CLOEXEC) = -1 ENOENT (No such file or directory)
open("/lib/security/pam_gnome_keyring.so", O_RDONLY|O_CLOEXEC) = -1 ENOENT (No such file or directory)
open("/usr/share/locale/en_US/LC_MESSAGES/libc.mo", O_RDONLY) = -1 ENOENT (No such file or directory)
open("/usr/share/locale/en/LC_MESSAGES/libc.mo", O_RDONLY) = -1 ENOENT (No such file or directory)
open("/usr/share/locale-langpack/en_US/LC_MESSAGES/libc.mo", O_RDONLY) = -1 ENOENT (No such file or directory)
open("/usr/share/locale-langpack/en/LC_MESSAGES/libc.mo", O_RDONLY) = -1 ENOENT (No such file or directory)
stat("/etc/pam.d", {st_mode=S_IFDIR|0755, st_size=4096, ...}) = 0
open("/etc/pam.d/common-session", O_RDONLY) = 9
open("/lib/x86_64-linux-gnu/security/pam_systemd.so", O_RDONLY|O_CLOEXEC) = 12
open("/usr/lib/sudo/librt.so.1", O_RDONLY|O_CLOEXEC) = -1 ENOENT (No such file or directory)
open("/etc/ld.so.cache", O_RDONLY|O_CLOEXEC) = 12
access("/etc/ld.so.nohwcap", F_OK)      = -1 ENOENT (No such file or directory)
open("/lib/x86_64-linux-gnu/librt.so.1", O_RDONLY|O_CLOEXEC) = 12
open("/usr/lib/sudo/libpam_misc.so.0", O_RDONLY|O_CLOEXEC) = -1 ENOENT (No such file or directory)
access("/etc/ld.so.nohwcap", F_OK)      = -1 ENOENT (No such file or directory)
open("/lib/x86_64-linux-gnu/libpam_misc.so.0", O_RDONLY|O_CLOEXEC) = 12
open("/lib/x86_64-linux-gnu/security/pam_mkhomedir.so", O_RDONLY|O_CLOEXEC) = 12
open("/etc/passwd", O_RDONLY|O_CLOEXEC) = 8
open("/usr/lib/sudo/libnss_sss.so.2", O_RDONLY|O_CLOEXEC) = -1 ENOENT (No such file or directory)
open("/etc/ld.so.cache", O_RDONLY|O_CLOEXEC) = 8
access("/etc/ld.so.nohwcap", F_OK)      = -1 ENOENT (No such file or directory)
open("/lib/x86_64-linux-gnu/libnss_sss.so.2", O_RDONLY|O_CLOEXEC) = 8
open("/var/lib/sss/mc/passwd", O_RDONLY|O_CLOEXEC) = 8
open("/proc/sys/kernel/ngroups_max", O_RDONLY) = 9
open("/etc/group", O_RDONLY|O_CLOEXEC)  = 9
open("/var/lib/sss/mc/initgroups", O_RDONLY|O_CLOEXEC) = 9
open("/etc/group", O_RDONLY|O_CLOEXEC)  = 13
open("/var/lib/sss/mc/group", O_RDONLY|O_CLOEXEC) = 13
open("/etc/group", O_RDONLY|O_CLOEXEC)  = 14
open("/etc/group", O_RDONLY|O_CLOEXEC)  = 14
readlink("/proc/self/fd/0", "/dev/pts/0", 31) = 10
stat("/dev/pts/0", {st_mode=S_IFCHR|0620, st_rdev=makedev(136, 0), ...}) = 0
lstat("/dev/pts/0", {st_mode=S_IFCHR|0620, st_rdev=makedev(136, 0), ...}) = 0
getcwd("/home/qishanz2", 4096)          = 15
open("/etc/passwd", O_RDONLY|O_CLOEXEC) = 3
open("/etc/group", O_RDONLY|O_CLOEXEC)  = 4
open("/etc/passwd", O_RDONLY|O_CLOEXEC) = 11
open("/etc/passwd", O_RDONLY|O_CLOEXEC) = 3
stat("/etc/krb5.conf", {st_mode=S_IFREG|0644, st_size=5192, ...}) = 0
open("/etc/krb5.conf", O_RDONLY)        = 11
open("/dev/urandom", O_RDONLY)          = 11
open("/dev/urandom", O_RDONLY)          = 11
open("/etc/passwd", O_RDONLY|O_CLOEXEC) = 11
readlink("/proc/self/exe", "/usr/bin/sudo", 4096) = 13
open("/etc/security/pam_env.conf", O_RDONLY) = 11
open("/etc/environment", O_RDONLY)      = 11
open("/etc/security/pam_env.conf", O_RDONLY) = 11
open("/etc/default/locale", O_RDONLY)   = 11
open("/etc/login.defs", O_RDONLY)       = 11
open("/etc/login.defs", O_RDONLY)       = 11
open("/etc/passwd", O_RDONLY|O_CLOEXEC) = 11
stat("/etc/krb5.conf", {st_mode=S_IFREG|0644, st_size=5192, ...}) = 0
open("/etc/krb5.conf", O_RDONLY)        = 11
open("/dev/urandom", O_RDONLY)          = 11
open("/etc/passwd", O_RDONLY|O_CLOEXEC) = 11
open("/etc/login.defs", O_RDONLY)       = 11
access("/var/run/utmpx", F_OK)          = -1 ENOENT (No such file or directory)
open("/var/run/utmp", O_RDONLY|O_CLOEXEC) = 11
--- SIGCHLD {si_signo=SIGCHLD, si_code=CLD_EXITED, si_pid=16966, si_uid=0, si_status=0, si_utime=1, si_stime=0} ---
stat("/etc/krb5.conf", {st_mode=S_IFREG|0644, st_size=5192, ...}) = 0
open("/etc/krb5.conf", O_RDONLY)        = 4
open("/dev/urandom", O_RDONLY)          = 4
open("/etc/login.defs", O_RDONLY)       = 4
stat("/etc/krb5.conf", {st_mode=S_IFREG|0644, st_size=5192, ...}) = 0
open("/etc/krb5.conf", O_RDONLY)        = 4
open("/dev/urandom", O_RDONLY)          = 4
+++ exited with 0 +++
